03/19/2025 03:52:07 PM - utilities.customLogger - INFO - in TestLogin_ddt_02 class 
03/19/2025 03:52:35 PM - utilities.customLogger - INFO - in TestLogin_ddt_02 class 
03/19/2025 03:52:36 PM - utilities.customLogger - WARNING - in test_valid_login_2 method
03/19/2025 04:07:02 PM - utilities.customLogger - INFO - in Test001_LoginTest module 
03/19/2025 04:07:02 PM - utilities.customLogger - INFO - in TestLogin class 
03/19/2025 04:07:04 PM - utilities.customLogger - WARNING - in test_valid_login method
03/19/2025 04:07:18 PM - utilities.customLogger - WARNING - in test_invalid_login method
03/19/2025 04:09:02 PM - utilities.customLogger - INFO - in Test001_LoginTest module 
03/19/2025 04:09:02 PM - utilities.customLogger - INFO - in TestLogin class 
03/19/2025 04:09:04 PM - utilities.customLogger - WARNING - in test_valid_login method
03/19/2025 04:09:17 PM - utilities.customLogger - WARNING - in test_invalid_login method
03/19/2025 04:10:50 PM - utilities.customLogger - INFO - in Test001_LoginTest module 
03/19/2025 04:10:50 PM - utilities.customLogger - INFO - in TestLogin class 
03/19/2025 04:10:51 PM - utilities.customLogger - WARNING - in test_valid_login method
03/19/2025 04:11:05 PM - utilities.customLogger - WARNING - in test_invalid_login method
03/19/2025 04:11:21 PM - utilities.customLogger - INFO - in Test001_LoginTest module 
03/19/2025 04:11:21 PM - utilities.customLogger - INFO - in TestLogin class 
03/19/2025 04:11:23 PM - utilities.customLogger - WARNING - in test_valid_login method
03/19/2025 04:11:36 PM - utilities.customLogger - WARNING - in test_invalid_login method
03/19/2025 04:12:18 PM - utilities.customLogger - INFO - in Test001_LoginTest module 
03/19/2025 04:12:18 PM - utilities.customLogger - INFO - in TestLogin class 
03/19/2025 04:12:20 PM - utilities.customLogger - WARNING - in test_valid_login method
03/19/2025 04:12:33 PM - utilities.customLogger - WARNING - in test_invalid_login method
03/19/2025 04:13:21 PM - utilities.customLogger - INFO - in Test001_LoginTest module 
03/19/2025 04:13:21 PM - utilities.customLogger - INFO - in TestLogin class 
03/19/2025 04:13:22 PM - utilities.customLogger - WARNING - in test_valid_login method
03/19/2025 04:13:36 PM - utilities.customLogger - WARNING - in test_invalid_login method
03/19/2025 04:15:08 PM - utilities.customLogger - INFO - in Test001_LoginTest module 
03/19/2025 04:15:08 PM - utilities.customLogger - INFO - in TestLogin class 
03/19/2025 04:15:09 PM - utilities.customLogger - WARNING - in test_valid_login method
03/19/2025 04:15:22 PM - utilities.customLogger - WARNING - in test_invalid_login method
03/19/2025 04:22:02 PM - utilities.customLogger - INFO - in Test001_LoginTest module 
03/19/2025 04:22:02 PM - utilities.customLogger - INFO - in TestLogin class 
03/19/2025 04:22:03 PM - utilities.customLogger - WARNING - in test_valid_login method
03/19/2025 04:22:17 PM - utilities.customLogger - WARNING - in test_invalid_login method
03/19/2025 04:22:55 PM - utilities.customLogger - INFO - in Test001_LoginTest module 
03/19/2025 04:22:55 PM - utilities.customLogger - INFO - in TestLogin class 
03/19/2025 04:22:57 PM - utilities.customLogger - WARNING - in test_valid_login method
03/19/2025 04:23:12 PM - utilities.customLogger - WARNING - in test_invalid_login method
03/19/2025 04:28:30 PM - root - INFO - in Test001_LoginTest module 
03/19/2025 04:28:30 PM - root - INFO - in TestLogin class 
03/19/2025 04:28:32 PM - root - WARNING - in test_valid_login method
03/19/2025 04:28:45 PM - root - WARNING - in test_invalid_login method
03/19/2025 04:30:44 PM - root - INFO - in Test001_LoginTest module 
03/19/2025 04:30:44 PM - root - INFO - in TestLogin class 
03/19/2025 04:30:45 PM - root - WARNING - in test_valid_login method
03/19/2025 04:30:59 PM - root - WARNING - in test_invalid_login method
03/19/2025 04:39:06 PM - root - INFO - in Test001_LoginTest module 
03/19/2025 04:39:06 PM - root - INFO - in TestLogin class 
03/19/2025 04:39:09 PM - root - WARNING - in test_valid_login method
03/19/2025 04:39:23 PM - root - WARNING - in test_invalid_login method
03/19/2025 04:40:12 PM - root - INFO - in Test001_LoginTest module 
03/19/2025 04:40:12 PM - root - INFO - in TestLogin class 
03/19/2025 04:40:14 PM - root - WARNING - in test_valid_login method
03/19/2025 04:40:27 PM - root - WARNING - in test_invalid_login method
